[2020-11-23 06:06:50 $13086.0]	INFO	Server is reloading all workers now
[2020-11-23 06:06:51 $13086.0]	INFO	Server is reloading all workers now
[2020-11-23 06:07:11 $13086.0]	INFO	Server is reloading all workers now
[2020-11-23 06:08:50 $13086.0]	INFO	Server is reloading all workers now
[2020-11-23 06:08:52 $13086.0]	INFO	Server is reloading all workers now
[2020-11-23 06:08:53 $13086.0]	INFO	Server is reloading all workers now
[2020-11-23 06:08:54 $13086.0]	INFO	Server is reloading all workers now
[2020-11-23 06:09:30 $13086.0]	INFO	Server is reloading all workers now
[2020-11-23 06:09:31 $13086.0]	INFO	Server is reloading all workers now
[2020-11-23 06:09:43 $13086.0]	INFO	Server is reloading all workers now
[2020-11-23 06:09:44 $13086.0]	INFO	Server is reloading all workers now
[2020-11-23 06:16:50 $13086.0]	INFO	Server is reloading all workers now
[2020-11-23 06:16:51 $13086.0]	INFO	Server is reloading all workers now
[2020-11-23 06:16:56 $13086.0]	INFO	Server is reloading all workers now
[2020-11-23 06:16:57 $13086.0]	INFO	Server is reloading all workers now
[2020-11-23 06:17:21 $13086.0]	INFO	Server is reloading all workers now
[2020-11-23 06:17:22 $13086.0]	INFO	Server is reloading all workers now
[2020-11-23 12:26:11 $14503.0]	INFO	Server is reloading all workers now
[2020-11-23 12:30:54 $14503.0]	INFO	Server is reloading all workers now
[2020-11-23 12:30:55 $14503.0]	INFO	Server is reloading all workers now
[2020-11-23 12:40:33 $14503.0]	INFO	Server is reloading all workers now
[2020-11-23 12:40:45 $14503.0]	INFO	Server is reloading all workers now
[2020-11-23 12:40:49 $14503.0]	INFO	Server is reloading all workers now
[2020-11-23 12:41:25 $14503.0]	INFO	Server is reloading all workers now
[2020-11-23 12:41:47 $14503.0]	INFO	Server is reloading all workers now
[2020-11-23 12:42:24 $14503.0]	INFO	Server is reloading all workers now
[2020-11-23 12:47:39 $14503.0]	INFO	Server is reloading all workers now
[2020-11-23 12:48:12 $14503.0]	INFO	Server is reloading all workers now
[2020-11-23 12:52:28 $14503.0]	INFO	Server is reloading all workers now
[2020-11-23 12:56:17 $14503.0]	INFO	Server is reloading all workers now
[2020-11-23 12:56:47 $14503.0]	INFO	Server is reloading all workers now
[2020-11-23 12:56:48 $14503.0]	INFO	Server is reloading all workers now
[2020-11-23 12:57:21 $14503.0]	INFO	Server is reloading all workers now
[2020-11-23 12:58:28 $14503.0]	INFO	Server is reloading all workers now
[2020-11-23 12:58:31 $14503.0]	INFO	Server is reloading all workers now
[2020-11-23 12:58:41 $14503.0]	INFO	Server is reloading all workers now
[2020-11-23 12:58:47 $14503.0]	INFO	Server is reloading all workers now
[2020-11-23 12:59:32 $14503.0]	INFO	Server is reloading all workers now
[2020-11-23 12:59:33 $14503.0]	INFO	Server is reloading all workers now
[2020-11-23 13:01:53 $14503.0]	INFO	Server is reloading all workers now
[2020-11-23 13:01:58 $14503.0]	INFO	Server is reloading all workers now
[2020-11-23 13:02:09 $14503.0]	INFO	Server is reloading all workers now
[2020-11-23 13:03:18 $14503.0]	INFO	Server is reloading all workers now
[2020-11-23 13:03:26 $14503.0]	INFO	Server is reloading all workers now
[2020-11-23 13:03:32 $14503.0]	INFO	Server is reloading all workers now
[2020-11-23 13:04:10 $14503.0]	INFO	Server is reloading all workers now
[2020-11-23 13:05:01 $14503.0]	INFO	Server is reloading all workers now
[2020-11-23 13:05:03 $14503.0]	INFO	Server is reloading all workers now
[2020-11-23 13:05:26 $14503.0]	INFO	Server is reloading all workers now
[2020-11-23 13:05:37 $14503.0]	INFO	Server is reloading all workers now
[2020-11-23 13:05:38 $14503.0]	INFO	Server is reloading all workers now
[2020-11-23 13:05:39 $14503.0]	INFO	Server is reloading all workers now
[2020-11-23 13:06:20 $14503.0]	INFO	Server is reloading all workers now
[2020-11-23 13:06:23 $14503.0]	INFO	Server is reloading all workers now
[2020-11-23 13:07:52 $14503.0]	INFO	Server is reloading all workers now
[2020-11-23 13:07:53 $14503.0]	INFO	Server is reloading all workers now
[2020-11-23 13:07:56 $14503.0]	INFO	Server is reloading all workers now
[2020-11-23 13:07:57 $14503.0]	INFO	Server is reloading all workers now
[2020-11-23 14:04:43 $14503.0]	INFO	Server is reloading all workers now
[2020-11-23 14:05:43 $14503.0]	INFO	Server is reloading all workers now
[2020-11-23 14:05:45 $14503.0]	INFO	Server is reloading all workers now
[2020-11-23 14:05:49 $14503.0]	INFO	Server is reloading all workers now
[2020-11-23 14:05:50 $14503.0]	INFO	Server is reloading all workers now
[2020-11-23 14:05:52 $14503.0]	INFO	Server is reloading all workers now
[2020-11-23 14:05:55 $14503.0]	INFO	Server is reloading all workers now
[2020-11-23 14:05:57 $14503.0]	INFO	Server is reloading all workers now
[2020-11-23 14:06:01 $14503.0]	INFO	Server is reloading all workers now
[2020-11-23 14:06:16 $14503.0]	INFO	Server is reloading all workers now
[2020-11-23 14:06:32 $14503.0]	INFO	Server is reloading all workers now
[2020-11-23 14:06:37 $14503.0]	INFO	Server is reloading all workers now
[2020-11-23 14:14:52 $14503.0]	INFO	Server is reloading all workers now
[2020-11-23 14:17:07 $14503.0]	INFO	Server is reloading all workers now
[2020-11-23 14:26:56 $14503.0]	INFO	Server is reloading all workers now
[2020-11-23 14:31:18 $14503.0]	INFO	Server is reloading all workers now
[2020-11-23 14:31:19 $14503.0]	INFO	Server is reloading all workers now
[2020-11-23 14:31:20 $14503.0]	INFO	Server is reloading all workers now
[2020-11-23 14:31:21 $14503.0]	INFO	Server is reloading all workers now
[2020-11-23 14:32:25 $14503.0]	INFO	Server is reloading all workers now
[2020-11-23 14:32:26 $14503.0]	INFO	Server is reloading all workers now
[2020-11-23 14:39:09 $14503.0]	INFO	Server is reloading all workers now
[2020-11-23 14:39:10 $14503.0]	INFO	Server is reloading all workers now
[2020-11-23 14:39:26 $14503.0]	INFO	Server is reloading all workers now
[2020-11-23 17:49:59 $14503.0]	INFO	Server is reloading all workers now
[2020-11-23 17:50:04 $14503.0]	INFO	Server is reloading all workers now
[2020-11-23 17:50:58 $14503.0]	INFO	Server is reloading all workers now
[2020-11-23 17:52:19 $14503.0]	INFO	Server is reloading all workers now
[2020-11-23 17:53:16 $14503.0]	INFO	Server is reloading all workers now
[2020-11-23 17:54:10 $14503.0]	INFO	Server is reloading all workers now
[2020-11-23 17:54:11 $14503.0]	INFO	Server is reloading all workers now
[2020-11-23 17:54:18 $72259.0]	INFO	Server is reloading all workers now
[2020-11-23 17:55:02 $72259.0]	INFO	Server is reloading all workers now
[2020-11-23 17:55:03 $72259.0]	INFO	Server is reloading all workers now
[2020-11-23 17:55:11 $72259.0]	INFO	Server is reloading all workers now
[2020-11-23 17:55:31 $72259.0]	INFO	Server is reloading all workers now
[2020-11-23 17:55:32 $72259.0]	INFO	Server is reloading all workers now
[2020-11-23 17:55:36 $72259.0]	INFO	Server is reloading all workers now
[2020-11-23 17:55:37 $72259.0]	INFO	Server is reloading all workers now
[2020-11-23 17:55:49 $72259.0]	INFO	Server is reloading all workers now
[2020-11-23 17:55:55 $72259.0]	INFO	Server is reloading all workers now
[2020-11-23 17:56:00 $72259.0]	INFO	Server is reloading all workers now
[2020-11-23 17:56:22 $72259.0]	INFO	Server is reloading all workers now
[2020-11-23 17:57:24 *72612.5]	NOTICE	swFactoryProcess_finish (ERRNO 1004): send 444 byte failed, because connection[fd=90] is closed
[2020-11-23 17:57:26 *72612.5]	NOTICE	swFactoryProcess_finish (ERRNO 1005): connection[fd=90] does not exists
[2020-11-23 17:58:03 $72259.0]	INFO	Server is reloading all workers now
[2020-11-23 17:58:27 $72259.0]	INFO	Server is reloading all workers now
[2020-11-23 17:59:18 $72932.0]	INFO	Server is reloading all workers now
[2020-11-23 18:00:46 $72932.0]	INFO	Server is reloading all workers now
[2020-11-23 18:00:58 $72932.0]	INFO	Server is reloading all workers now
[2020-11-23 18:03:05 $72932.0]	INFO	Server is reloading all workers now
[2020-11-23 18:04:06 $72932.0]	INFO	Server is reloading all workers now
[2020-11-23 18:04:36 $72932.0]	INFO	Server is reloading all workers now
[2020-11-23 18:04:45 $72932.0]	INFO	Server is reloading all workers now
[2020-11-23 18:04:56 $72932.0]	INFO	Server is reloading all workers now
[2020-11-23 18:05:12 $72932.0]	INFO	Server is reloading all workers now
[2020-11-23 18:05:15 $72932.0]	INFO	Server is reloading all workers now
[2020-11-23 18:05:20 $73723.0]	INFO	Server is reloading all workers now
[2020-11-23 18:08:36 $73723.0]	INFO	Server is reloading all workers now
[2020-11-23 18:08:49 $73723.0]	INFO	Server is reloading all workers now
[2020-11-23 18:08:53 $73723.0]	INFO	Server is reloading all workers now
[2020-11-23 18:10:14 $73723.0]	INFO	Server is reloading all workers now
[2020-11-23 18:11:04 $73723.0]	INFO	Server is reloading all workers now
[2020-11-23 18:11:18 $73723.0]	INFO	Server is reloading all workers now
[2020-11-23 18:11:55 $73723.0]	INFO	Server is reloading all workers now
[2020-11-23 18:12:00 *75067.5]	NOTICE	swFactoryProcess_finish (ERRNO 1005): connection[fd=106] does not exists
[2020-11-23 18:12:00 $73723.0]	INFO	Server is reloading all workers now
[2020-11-23 18:16:55 $73723.0]	INFO	Server is reloading all workers now
[2020-11-23 18:16:56 $73723.0]	INFO	Server is reloading all workers now
[2020-11-23 18:16:58 $73723.0]	INFO	Server is reloading all workers now
[2020-11-23 18:16:59 $73723.0]	INFO	Server is reloading all workers now
[2020-11-23 18:17:04 $73723.0]	INFO	Server is reloading all workers now
[2020-11-23 18:17:30 $73723.0]	INFO	Server is reloading all workers now
[2020-11-23 18:17:40 $73723.0]	INFO	Server is reloading all workers now
[2020-11-23 18:21:26 $73723.0]	INFO	Server is reloading all workers now
[2020-11-23 18:21:37 $73723.0]	INFO	Server is reloading all workers now
[2020-11-23 18:21:45 $73723.0]	INFO	Server is reloading all workers now
[2020-11-23 18:23:14 $73723.0]	INFO	Server is reloading all workers now
[2020-11-23 18:23:15 $73723.0]	INFO	Server is reloading all workers now
[2020-11-23 18:26:00 $73723.0]	INFO	Server is reloading all workers now
[2020-11-23 18:26:19 $73723.0]	INFO	Server is reloading all workers now
[2020-11-23 18:27:26 $73723.0]	INFO	Server is reloading all workers now
[2020-11-23 18:27:44 $73723.0]	INFO	Server is reloading all workers now
[2020-11-23 18:27:46 $73723.0]	INFO	Server is reloading all workers now
[2020-11-23 18:28:16 $73723.0]	INFO	Server is reloading all workers now
[2020-11-23 18:28:18 $73723.0]	INFO	Server is reloading all workers now
[2020-11-23 18:28:40 $73723.0]	INFO	Server is reloading all workers now
[2020-11-23 18:28:59 $73723.0]	INFO	Server is reloading all workers now
[2020-11-23 18:29:00 $73723.0]	INFO	Server is reloading all workers now
[2020-11-23 18:29:03 $73723.0]	INFO	Server is reloading all workers now
[2020-11-23 18:31:02 $73723.0]	INFO	Server is reloading all workers now
[2020-11-23 18:31:47 $73723.0]	INFO	Server is reloading all workers now
[2020-11-23 18:34:00 $73723.0]	INFO	Server is reloading all workers now
[2020-11-23 18:34:32 $73723.0]	INFO	Server is reloading all workers now
[2020-11-23 18:35:10 $73723.0]	INFO	Server is reloading all workers now
[2020-11-23 18:35:11 $73723.0]	INFO	Server is reloading all workers now
[2020-11-23 18:35:34 $73723.0]	INFO	Server is reloading all workers now
[2020-11-23 18:36:03 $73723.0]	INFO	Server is reloading all workers now
[2020-11-23 18:36:04 $73723.0]	INFO	Server is reloading all workers now
[2020-11-23 18:45:09 $73723.0]	INFO	Server is reloading all workers now
[2020-11-23 18:45:10 $73723.0]	INFO	Server is reloading all workers now
[2020-11-23 18:47:23 *79136.5]	NOTICE	swFactoryProcess_finish (ERRNO 1005): connection[fd=186] does not exists
[2020-11-23 18:50:48 $73723.0]	INFO	Server is reloading all workers now
[2020-11-23 18:50:49 $73723.0]	INFO	Server is reloading all workers now
[2020-11-23 18:51:17 $73723.0]	INFO	Server is reloading all workers now
[2020-11-23 18:52:13 *80052.6]	NOTICE	swFactoryProcess_finish (ERRNO 1005): connection[fd=266] does not exists
[2020-11-23 18:52:13 $73723.0]	INFO	Server is reloading all workers now
[2020-11-23 18:53:36 $73723.0]	INFO	Server is reloading all workers now
[2020-11-23 18:54:27 $73723.0]	INFO	Server is reloading all workers now
[2020-11-23 18:54:42 $73723.0]	INFO	Server is reloading all workers now
[2020-11-23 18:55:17 *80512.6]	NOTICE	swFactoryProcess_finish (ERRNO 1005): connection[fd=283] does not exists
[2020-11-23 18:55:17 $73723.0]	INFO	Server is reloading all workers now
[2020-11-23 18:55:49 $73723.0]	INFO	Server is reloading all workers now
[2020-11-23 18:55:58 $73723.0]	INFO	Server is reloading all workers now
[2020-11-23 18:55:59 $73723.0]	INFO	Server is reloading all workers now
[2020-11-23 18:56:01 $73723.0]	INFO	Server is reloading all workers now
[2020-11-23 18:56:10 *80762.5]	NOTICE	swFactoryProcess_finish (ERRNO 1004): send 924 byte failed, because connection[fd=309] is closed
[2020-11-23 18:56:10 $73723.0]	INFO	Server is reloading all workers now
[2020-11-23 18:56:35 $73723.0]	INFO	Server is reloading all workers now
[2020-11-23 18:56:36 $73723.0]	INFO	Server is reloading all workers now
[2020-11-23 18:56:39 $73723.0]	INFO	Server is reloading all workers now
[2020-11-23 18:56:42 *80936.5]	NOTICE	swFactoryProcess_finish (ERRNO 1005): connection[fd=326] does not exists
[2020-11-23 18:56:42 $73723.0]	INFO	Server is reloading all workers now
[2020-11-23 18:56:54 $73723.0]	INFO	Server is reloading all workers now
[2020-11-23 18:58:18 $73723.0]	INFO	Server is reloading all workers now
[2020-11-23 18:58:27 $73723.0]	INFO	Server is reloading all workers now
[2020-11-23 18:58:43 $73723.0]	INFO	Server is reloading all workers now
[2020-11-23 18:59:13 $73723.0]	INFO	Server is reloading all workers now
[2020-11-23 18:59:21 $73723.0]	INFO	Server is reloading all workers now
[2020-11-23 18:59:42 $73723.0]	INFO	Server is reloading all workers now
[2020-11-23 18:59:43 $73723.0]	INFO	Server is reloading all workers now
[2020-11-23 19:05:40 $73723.0]	INFO	Server is reloading all workers now
[2020-11-23 19:05:45 $73723.0]	INFO	Server is reloading all workers now
[2020-11-23 19:06:26 $73723.0]	INFO	Server is reloading all workers now
[2020-11-23 19:09:08 $73723.0]	INFO	Server is reloading all workers now
[2020-11-23 19:09:10 $73723.0]	INFO	Server is reloading all workers now
[2020-11-23 19:10:30 $73723.0]	INFO	Server is reloading all workers now
[2020-11-23 19:10:31 $73723.0]	INFO	Server is reloading all workers now
FileScanner hot reload initialize at Darwin in PID 90372 ...
[2020-11-23 20:14:45 #90362.8]	INFO	Server is shutdown now
[2020-11-23 20:15:12 #90362.8]	INFO	Server is shutdown now
[2020-11-23 20:17:18 *90720.4]	NOTICE	swFactoryProcess_finish (ERRNO 1005): connection[fd=5] does not exists
[2020-11-23 20:24:50 $90715.0]	INFO	Server is reloading all workers now
HOT_RELOAD: reloaded at 1606134291
[2020-11-23 20:24:51 $90363.0]	INFO	Server is reloading all workers now
[2020-11-23 20:24:51 $90715.0]	INFO	Server is reloading all workers now
HOT_RELOAD: reloaded at 1606134371
[2020-11-23 20:26:11 $90363.0]	INFO	Server is reloading all workers now
[2020-11-23 20:26:11 $91681.0]	INFO	Server is reloading all workers now
HOT_RELOAD: reloaded at 1606134372
[2020-11-23 20:26:12 $90363.0]	INFO	Server is reloading all workers now
[2020-11-23 20:26:12 $91681.0]	INFO	Server is reloading all workers now
HOT_RELOAD: reloaded at 1606134477
[2020-11-23 20:27:57 $90363.0]	INFO	Server is reloading all workers now
[2020-11-23 20:27:57 *91790.6]	WARNING	swWorker_reactor_is_empty (ERRNO 9012): worker exit timeout, forced to terminate
[2020-11-23 20:27:57 *91787.1]	WARNING	swWorker_reactor_is_empty (ERRNO 9012): worker exit timeout, forced to terminate
[2020-11-23 20:27:57 *91792.2]	WARNING	swWorker_reactor_is_empty (ERRNO 9012): worker exit timeout, forced to terminate
[2020-11-23 20:27:57 *91787.1]	WARNING	swWorker_reactor_is_empty (ERRNO 9012): worker exit timeout, forced to terminate
[2020-11-23 20:27:57 *91793.7]	WARNING	swWorker_reactor_is_empty (ERRNO 9012): worker exit timeout, forced to terminate
[2020-11-23 20:27:57 *91792.2]	WARNING	swWorker_reactor_is_empty (ERRNO 9012): worker exit timeout, forced to terminate
[2020-11-23 20:27:57 *91786.0]	WARNING	swWorker_reactor_is_empty (ERRNO 9012): worker exit timeout, forced to terminate
[2020-11-23 20:27:57 *91791.3]	WARNING	swWorker_reactor_is_empty (ERRNO 9012): worker exit timeout, forced to terminate
[2020-11-23 20:27:57 *91793.7]	WARNING	swWorker_reactor_is_empty (ERRNO 9012): worker exit timeout, forced to terminate
[2020-11-23 20:27:57 *91786.0]	WARNING	swWorker_reactor_is_empty (ERRNO 9012): worker exit timeout, forced to terminate
[2020-11-23 20:27:57 *91790.6]	WARNING	swWorker_reactor_is_empty (ERRNO 9012): worker exit timeout, forced to terminate
[2020-11-23 20:27:57 *91788.4]	WARNING	swWorker_reactor_is_empty (ERRNO 9012): worker exit timeout, forced to terminate
[2020-11-23 20:27:57 *91791.3]	WARNING	swWorker_reactor_is_empty (ERRNO 9012): worker exit timeout, forced to terminate
[2020-11-23 20:27:57 *91788.4]	WARNING	swWorker_reactor_is_empty (ERRNO 9012): worker exit timeout, forced to terminate
[2020-11-23 20:27:57 *91789.5]	WARNING	swWorker_reactor_is_empty (ERRNO 9012): worker exit timeout, forced to terminate
[2020-11-23 20:27:57 *91789.5]	WARNING	swWorker_reactor_is_empty (ERRNO 9012): worker exit timeout, forced to terminate
[2020-11-23 20:27:57 $91681.0]	INFO	Server is reloading all workers now
[2020-11-23 20:28:09 $91681.0]	INFO	Server is reloading all workers now
HOT_RELOAD: reloaded at 1606134490
[2020-11-23 20:28:10 $90363.0]	INFO	Server is reloading all workers now
[2020-11-23 20:28:20 $91681.0]	INFO	Server is reloading all workers now
HOT_RELOAD: reloaded at 1606134501
[2020-11-23 20:28:21 $90363.0]	INFO	Server is reloading all workers now
[2020-11-23 20:33:12 $91681.0]	INFO	Server is reloading all workers now
HOT_RELOAD: reloaded at 1606134793
[2020-11-23 20:33:13 $90363.0]	INFO	Server is reloading all workers now
HOT_RELOAD: reloaded at 1606135182
[2020-11-23 20:39:42 $90363.0]	INFO	Server is reloading all workers now
[2020-11-23 20:39:42 $93302.0]	INFO	Server is reloading all workers now
HOT_RELOAD: reloaded at 1606135296
[2020-11-23 20:41:36 $90363.0]	INFO	Server is reloading all workers now
[2020-11-23 20:41:36 $93302.0]	INFO	Server is reloading all workers now
HOT_RELOAD: reloaded at 1606135315
[2020-11-23 20:41:55 $90363.0]	INFO	Server is reloading all workers now
[2020-11-23 20:41:55 $93302.0]	INFO	Server is reloading all workers now
HOT_RELOAD: reloaded at 1606135351
[2020-11-23 20:42:31 $90363.0]	INFO	Server is reloading all workers now
[2020-11-23 20:42:31 $93302.0]	INFO	Server is reloading all workers now
HOT_RELOAD: reloaded at 1606135352
[2020-11-23 20:42:32 $90363.0]	INFO	Server is reloading all workers now
HOT_RELOAD: reloaded at 1606135363
[2020-11-23 20:42:43 $90363.0]	INFO	Server is reloading all workers now
[2020-11-23 20:42:43 $93302.0]	INFO	Server is reloading all workers now
HOT_RELOAD: reloaded at 1606135369
[2020-11-23 20:42:49 $90363.0]	INFO	Server is reloading all workers now
[2020-11-23 20:42:49 $93302.0]	INFO	Server is reloading all workers now
HOT_RELOAD: reloaded at 1606135908
[2020-11-23 20:51:48 $90363.0]	INFO	Server is reloading all workers now
[2020-11-23 22:34:02 #98252.8]	WARNING	swSignal_callback (ERRNO 707): Unable to find callback function for signal Hangup: 1
[2020-11-23 22:34:02 *98260.6]	WARNING	swSignal_callback (ERRNO 707): Unable to find callback function for signal Hangup: 1
[2020-11-23 22:34:02 $98253.0]	WARNING	swSignal_callback (ERRNO 707): Unable to find callback function for signal Hangup: 1
[2020-11-23 22:34:02 $98253.0]	WARNING	swManager_check_exit_status: worker#13[pid=98267] abnormal exit, status=0, signal=1
[2020-11-23 22:34:02 *98261.7]	WARNING	swSignal_callback (ERRNO 707): Unable to find callback function for signal Hangup: 1
[2020-11-23 22:34:02 *98259.5]	WARNING	swSignal_callback (ERRNO 707): Unable to find callback function for signal Hangup: 1
[2020-11-23 22:34:02 *98258.4]	WARNING	swSignal_callback (ERRNO 707): Unable to find callback function for signal Hangup: 1
[2020-11-23 22:34:02 *98257.3]	WARNING	swSignal_callback (ERRNO 707): Unable to find callback function for signal Hangup: 1
[2020-11-23 22:34:02 *98254.0]	WARNING	swSignal_callback (ERRNO 707): Unable to find callback function for signal Hangup: 1
[2020-11-23 22:34:02 *98256.2]	WARNING	swSignal_callback (ERRNO 707): Unable to find callback function for signal Hangup: 1
[2020-11-23 22:34:02 *98255.1]	WARNING	swSignal_callback (ERRNO 707): Unable to find callback function for signal Hangup: 1
[2020-11-23 22:34:02 $98253.0]	WARNING	swManager_check_exit_status: worker#12[pid=98266] abnormal exit, status=0, signal=1
[2020-11-23 22:34:02 $98253.0]	WARNING	swManager_check_exit_status: worker#11[pid=98265] abnormal exit, status=0, signal=1
[2020-11-23 22:34:02 $98253.0]	WARNING	swManager_check_exit_status: worker#10[pid=98264] abnormal exit, status=0, signal=1
[2020-11-23 22:34:02 $98253.0]	WARNING	swManager_check_exit_status: worker#9[pid=98263] abnormal exit, status=0, signal=1
[2020-11-23 22:34:02 $98253.0]	WARNING	swManager_check_exit_status: worker#8[pid=98262] abnormal exit, status=0, signal=1
[2020-11-23 22:57:34 *98257.3]	NOTICE	swFactoryProcess_finish (ERRNO 1005): connection[fd=72] does not exists
